[32minfo[39m: [32m   >> Connecting to RethinkDB...[39m
[32minfo[39m: [32m   >> listening on port 900[39m
[32minfo[39m: [32m   >> socket user connected[39m
[32minfo[39m: [32m   >> Connecting to RethinkDB...[39m
[32minfo[39m: [32m   >> listening on port 900[39m
[32minfo[39m: [32m   >> Create strusture  RethinkDB...[39m
[32minfo[39m: [32m   >> RethinkDB connected![39m
[32minfo[39m: [32m   >> Database `dexWallet` already exists.[39m
[32minfo[39m: [32m   >> socket user connected[39m
[32minfo[39m: [32m   >> Connecting to RethinkDB...[39m
[32minfo[39m: [32m   >> listening on port 900[39m
[32minfo[39m: [32m   >> Create strusture  RethinkDB...[39m
[32minfo[39m: [32m   >> RethinkDB connected![39m
[32minfo[39m: [32m   >> Database `dexWallet` already exists.[39m
[32minfo[39m: [32m   >> socket user connected[39m
[32minfo[39m: [32m   >> socket user connected[39m
[32minfo[39m: [32m   >> socket user disconnected'[39m
[32minfo[39m: [32m   >> socket user connected[39m
[32minfo[39m: [32m   >> socket user disconnected'[39m
[32minfo[39m: [32m   >> socket user connected[39m
[32minfo[39m: [32m   >> socket user disconnected'[39m
[32minfo[39m: [32m   >> socket user connected[39m
[32minfo[39m: [32m   >> socket user disconnected'[39m
[32minfo[39m: [32m   >> socket user connected[39m
[32minfo[39m: [32m   >> socket user disconnected'[39m
[32minfo[39m: [32m   >> socket user connected[39m
[32minfo[39m: [32m   >> Connecting to RethinkDB...[39m
[32minfo[39m: [32m   >> listening on port 900[39m
[32minfo[39m: [32m   >> Create strusture  RethinkDB...[39m
[32minfo[39m: [32m   >> RethinkDB connected![39m
[32minfo[39m: [32m   >> Database `dexWallet` already exists.[39m
[32minfo[39m: [32m   >> Connecting to RethinkDB...[39m
[32minfo[39m: [32m   >> listening on port 900[39m
[32minfo[39m: [32m   >> Create strusture  RethinkDB...[39m
[32minfo[39m: [32m   >> RethinkDB connected![39m
[32minfo[39m: [32m   >> Database `dexWallet` already exists.[39m
[32minfo[39m: [32m   >> socket user connected[39m
[32minfo[39m: [32m   >> Connecting to RethinkDB...[39m
[32minfo[39m: [32m   >> listening on port 900[39m
[32minfo[39m: [32m   >> Create strusture  RethinkDB...[39m
[32minfo[39m: [32m   >> RethinkDB connected![39m
[32minfo[39m: [32m   >> Database `dexWallet` already exists.[39m
[32minfo[39m: [32m   >> socket user connected[39m
[32minfo[39m: [32m   >> Connecting to RethinkDB...[39m
[32minfo[39m: [32m   >> listening on port 900[39m
[32minfo[39m: [32m   >> Create strusture  RethinkDB...[39m
[32minfo[39m: [32m   >> RethinkDB connected![39m
[32minfo[39m: [32m   >> Database `dexWallet` already exists.[39m
[32minfo[39m: [32m   >> Connecting to RethinkDB...[39m
[32minfo[39m: [32m   >> listening on port 900[39m
[32minfo[39m: [32m   >> Create strusture  RethinkDB...[39m
[32minfo[39m: [32m   >> RethinkDB connected![39m
[32minfo[39m: [32m   >> Database `dexWallet` already exists.[39m
[32minfo[39m: [32m   >> socket user connected[39m
[32minfo[39m: [32m   >> Connecting to RethinkDB...[39m
[32minfo[39m: [32m   >> listening on port 900[39m
[32minfo[39m: [32m   >> Create strusture  RethinkDB...[39m
[32minfo[39m: [32m   >> RethinkDB connected![39m
[32minfo[39m: [32m   >> Database `dexWallet` already exists.[39m
[32minfo[39m: [32m   >> socket user connected[39m
[32minfo[39m: [32m   >> Connecting to RethinkDB...[39m
[32minfo[39m: [32m   >> listening on port 900[39m
[32minfo[39m: [32m   >> Create strusture  RethinkDB...[39m
[32minfo[39m: [32m   >> RethinkDB connected[39m
[32minfo[39m: [32m   >> Database `dexWallet` already exists.[39m
[32minfo[39m: [32m   >> socket user connected[39m
[32minfo[39m: [32m   >> socket user connected[39m
[32minfo[39m: [32m   >> socket user disconnected'[39m
[32minfo[39m: [32m   >> socket user connected[39m
[32minfo[39m: [32m   >> socket user disconnected'[39m
[32minfo[39m: [32m   >> socket user connected[39m
[32minfo[39m: [32m   >> socket user disconnected'[39m
[32minfo[39m: [32m   >> socket user disconnected'[39m
[32minfo[39m: [32m   >> socket user connected[39m
[32minfo[39m: [32m   >> socket user connected[39m
[32minfo[39m: [32m   >> Connecting to RethinkDB...[39m
[32minfo[39m: [32m   >> listening on port 900[39m
[32minfo[39m: [32m   >> Create strusture  RethinkDB...[39m
[32minfo[39m: [32m   >> RethinkDB connected[39m
[32minfo[39m: [32m   >> Database `dexWallet` already exists.[39m
[32minfo[39m: [32m   >> socket user connected[39m
[32minfo[39m: [32m   >> Connecting to RethinkDB...[39m
[32minfo[39m: [32m   >> listening on port 900[39m
[32minfo[39m: [32m   >> Create strusture  RethinkDB...[39m
[32minfo[39m: [32m   >> RethinkDB connected[39m
[32minfo[39m: [32m   >> Database `dexWallet` already exists.[39m
[32minfo[39m: [32m   >> socket user connected[39m
[32minfo[39m: [32m   >> Connecting to RethinkDB...[39m
[32minfo[39m: [32m   >> listening on port 900[39m
[32minfo[39m: [32m   >> Create strusture  RethinkDB...[39m
[32minfo[39m: [32m   >> RethinkDB connected[39m
[32minfo[39m: [32m   >> Database `dexWallet` already exists.[39m
[32minfo[39m: [32m   >> socket user connected[39m
[32minfo[39m: [32m   >> Connecting to RethinkDB...[39m
[32minfo[39m: [32m   >> listening on port 900[39m
[32minfo[39m: [32m   >> Create strusture  RethinkDB...[39m
[32minfo[39m: [32m   >> RethinkDB connected[39m
[32minfo[39m: [32m   >> Database `dexWallet` already exists.[39m
[32minfo[39m: [32m   >> socket user connected[39m
[32minfo[39m: [32m   >> socket user disconnected'[39m
[32minfo[39m: [32m   >> socket user connected[39m
[32minfo[39m: [32m   >> socket user connected[39m
[32minfo[39m: [32m   >> socket user disconnected'[39m
[32minfo[39m: [32m   >> socket user disconnected'[39m
[32minfo[39m: [32m   >> socket user connected[39m
[32minfo[39m: [32m   >> socket user connected[39m
[32minfo[39m: [32m   >> socket user disconnected'[39m
[32minfo[39m: [32m   >> socket user disconnected'[39m
